<?xml version="1.0" encoding="UTF-8"?>
<!-- Generated by org.testng.reporters.JUnitReportReporter -->
<testsuite hostname="LAPTOP-BUA2IBR3" failures="0" tests="1" name="SeleniumProject.SeleniumProject.MavenTest1" time="15.121" errors="0" timestamp="2023-09-24T19:44:36 IST" skipped="0">
  <testcase classname="SeleniumProject.SeleniumProject.MavenTest1" name="testGoogle" time="15.121"/>
  <system-out/>
</testsuite> <!-- SeleniumProject.SeleniumProject.MavenTest1 -->
