<?xml version="1.0" encoding="UTF-8"?>
<!-- Generated by org.testng.reporters.JUnitReportReporter -->
<testsuite hostname="LAPTOP-BUA2IBR3" failures="0" tests="1" name="SeleniumProject.SeleniumProject.MavenTest1" time="48.438" errors="0" timestamp="2023-09-28T20:40:44 IST" skipped="0">
  <testcase classname="SeleniumProject.SeleniumProject.MavenTest1" name="testGoogle" time="48.438"/>
  <system-out/>
</testsuite> <!-- SeleniumProject.SeleniumProject.MavenTest1 -->
