<?xml version="1.0" encoding="UTF-8"?>
<!-- Generated by org.testng.reporters.JUnitReportReporter -->
<testsuite hostname="LAPTOP-BUA2IBR3" failures="0" tests="1" name="SeleniumProject.SeleniumProject.PolicyTest" time="64.504" errors="0" timestamp="2023-09-28T21:03:26 IST" skipped="0">
  <testcase classname="SeleniumProject.SeleniumProject.PolicyTest" name="testGoogle" time="64.504"/>
  <system-out/>
</testsuite> <!-- SeleniumProject.SeleniumProject.PolicyTest -->
